2024-03-28 12:08:57 — INFO — INPUT FILE: 13.pdb
2024-03-28 12:08:57 — INFO — NUMBER OF OPTIMIZATIONS: 0
2024-03-28 12:08:57 — INFO — Parsing molecule from input: /net/orinoco/pga043/flipped_pose/lm-nmt/simulation/opls/5ag5/mol13/flip/13.pdb
2024-03-28 12:08:57 — INFO — Retreiving atom names form PDB:/net/orinoco/pga043/flipped_pose/lm-nmt/simulation/opls/5ag5/mol13/flip/13.pdb
2024-03-28 12:08:57 — INFO — Center of mass position: 27.418  5.168 15.733
2024-03-28 12:08:57 — INFO — Closest atom to the center of mass: C  11 with distance :  1.117  (A) 
2024-03-28 12:08:57 — INFO — MOLECULE CHARGE USED: 0
2024-03-28 12:08:57 — INFO — CHARGE ALGORITHM USED: CM1A-LBCC
2024-03-28 12:08:57 — INFO — AUTO ASSIGNED RESIDUE NAME: N8N
2024-03-28 12:08:57 — INFO — Parsing Bonds, Angles and dihedrals
2024-03-28 12:08:57 — INFO — Parsing Atoms
2024-03-28 12:08:57 — INFO — --- SUMMARY MOLECULE STRUCTURE ---
2024-03-28 12:08:57 — INFO — Number of Atoms: 41
2024-03-28 12:08:57 — INFO — Number of Variable Bonds: 37
2024-03-28 12:08:57 — INFO — Number of Additional Bonds: 3
2024-03-28 12:08:57 — INFO — Number of Variable Angles: 36
2024-03-28 12:08:57 — INFO — Number of Additional Angles: 31
2024-03-28 12:08:57 — INFO — Number of Variable Torsions: 35
2024-03-28 12:08:57 — INFO — Number of Additional Torsions: 69
2024-03-28 12:08:57 — INFO — Number of excluded Atoms: 0
2024-03-28 12:08:57 — INFO — Generating Zmat
2024-03-28 12:08:57 — INFO — Running BOSS
2024-03-28 12:09:00 — INFO — Parsing BOSS molecule outputs
2024-03-28 12:09:00 — INFO — Generating Q inputs
2024-03-28 12:09:00 — INFO — Generating Gromacs inputs
2024-03-28 12:09:00 — INFO — Generating CHARMM/NAMD inputs
2024-03-28 12:09:00 — INFO — Generating TINKER inputs
2024-03-28 12:09:00 — INFO — Generating openMM inputs
2024-03-28 12:09:00 — INFO — Generating PQR inputs
2024-03-28 12:09:00 — INFO — Generating DESMOND inputs
2024-03-28 12:09:00 — INFO — Generating LAMMPS inputs
2024-03-28 12:09:00 — INFO — Generating XPLOR inputs
2024-03-28 12:09:00 — INFO —             
    
                    LigParGen finished succesfully!
    
    Please do not forget to cite the following references: 

        1. LigParGen web server: an automatic OPLS-AA parameter generator for organic ligands  
           Leela S. Dodda  Israel Cabeza de Vaca  Julian Tirado-Rives William L. Jorgensen 
           Nucleic Acids Research, Volume 45, Issue W1, 3 July 2017, Pages W331–W336

        2. 1.14*CM1A-LBCC: Localized Bond-Charge Corrected CM1A Charges for Condensed-Phase Simulations
    
